2016-10-18 00:03:59,258 [INFO] from application in ForkJoinPool-1-worker-1 - Creating Pool for datasource 'default'
2016-10-18 00:03:59,378 [INFO] from play.api.db.DefaultDBApi in ForkJoinPool-1-worker-1 - Database [default] connected at jdbc:sqlite:db/dictionary_entries.db
2016-10-18 00:04:00,407 [INFO] from play.api.Play in ForkJoinPool-1-worker-1 - Application started (Dev)
2016-10-18 00:06:24,048 [INFO] from application in application-akka.actor.default-dispatcher-3 - Shutting down connection pool.
2016-10-18 00:06:24,234 [INFO] from application in application-akka.actor.default-dispatcher-3 - Creating Pool for datasource 'default'
2016-10-18 00:06:24,237 [INFO] from play.api.db.DefaultDBApi in application-akka.actor.default-dispatcher-3 - Database [default] connected at jdbc:sqlite:db/dictionary_entries.db
2016-10-18 00:06:24,344 [INFO] from play.api.Play in application-akka.actor.default-dispatcher-3 - Application started (Dev)
2016-10-18 00:14:31,048 [INFO] from application in application-akka.actor.default-dispatcher-68 - Shutting down connection pool.
2016-10-18 00:14:31,250 [INFO] from application in application-akka.actor.default-dispatcher-68 - Creating Pool for datasource 'default'
2016-10-18 00:14:31,253 [INFO] from play.api.db.DefaultDBApi in application-akka.actor.default-dispatcher-68 - Database [default] connected at jdbc:sqlite:db/dictionary_entries.db
2016-10-18 00:14:31,357 [INFO] from play.api.Play in application-akka.actor.default-dispatcher-68 - Application started (Dev)
2016-10-18 00:19:10,107 [INFO] from application in application-akka.actor.default-dispatcher-22 - Shutting down connection pool.
2016-10-18 00:19:10,274 [INFO] from application in application-akka.actor.default-dispatcher-22 - Creating Pool for datasource 'default'
2016-10-18 00:19:10,277 [INFO] from play.api.db.DefaultDBApi in application-akka.actor.default-dispatcher-22 - Database [default] connected at jdbc:sqlite:db/dictionary_entries.db
2016-10-18 00:19:10,357 [INFO] from play.api.Play in application-akka.actor.default-dispatcher-22 - Application started (Dev)
2016-10-18 00:23:21,963 [INFO] from application in application-akka.actor.default-dispatcher-5 - Shutting down connection pool.
2016-10-18 00:23:22,116 [INFO] from application in application-akka.actor.default-dispatcher-5 - Creating Pool for datasource 'default'
2016-10-18 00:23:22,118 [INFO] from play.api.db.DefaultDBApi in application-akka.actor.default-dispatcher-5 - Database [default] connected at jdbc:sqlite:db/dictionary_entries.db
2016-10-18 00:23:22,198 [INFO] from play.api.Play in application-akka.actor.default-dispatcher-5 - Application started (Dev)
2016-10-18 00:24:05,269 [INFO] from application in application-akka.actor.default-dispatcher-4 - Shutting down connection pool.
2016-10-18 00:24:05,491 [INFO] from application in application-akka.actor.default-dispatcher-4 - Creating Pool for datasource 'default'
2016-10-18 00:24:05,499 [INFO] from play.api.db.DefaultDBApi in application-akka.actor.default-dispatcher-4 - Database [default] connected at jdbc:sqlite:db/dictionary_entries.db
2016-10-18 00:24:05,582 [INFO] from play.api.Play in application-akka.actor.default-dispatcher-4 - Application started (Dev)
2016-10-18 00:25:02,818 [INFO] from application in application-akka.actor.default-dispatcher-14 - Shutting down connection pool.
2016-10-18 00:25:02,923 [INFO] from application in application-akka.actor.default-dispatcher-14 - Creating Pool for datasource 'default'
2016-10-18 00:25:02,926 [INFO] from play.api.db.DefaultDBApi in application-akka.actor.default-dispatcher-14 - Database [default] connected at jdbc:sqlite:db/dictionary_entries.db
2016-10-18 00:25:03,011 [INFO] from play.api.Play in application-akka.actor.default-dispatcher-14 - Application started (Dev)
2016-10-18 00:40:34,293 [INFO] from application in pool-4-thread-1 - Shutting down connection pool.
